[2026-02-08T23:24:25.011+0000] {logging_mixin.py:151} INFO - Changing /opt/airflow/logs/dag_id=01_prueba_de_vida/run_id=manual__2026-02-08T23:24:24.153095+00:00/task_id=saludar_api permission to 509
[2026-02-08T23:24:25.012+0000] {logging_mixin.py:151} INFO - Failed to change /opt/airflow/logs/dag_id=01_prueba_de_vida/run_id=manual__2026-02-08T23:24:24.153095+00:00/task_id=saludar_api permission to 509: [Errno 1] Operation not permitted: '/opt/airflow/logs/dag_id=01_prueba_de_vida/run_id=manual__2026-02-08T23:24:24.153095+00:00/task_id=saludar_api'
[2026-02-08T23:24:25.039+0000] {logging_mixin.py:151} INFO - Changing /opt/airflow/logs/dag_id=01_prueba_de_vida/run_id=manual__2026-02-08T23:24:24.153095+00:00/task_id=saludar_api permission to 509
[2026-02-08T23:24:25.041+0000] {logging_mixin.py:151} INFO - Failed to change /opt/airflow/logs/dag_id=01_prueba_de_vida/run_id=manual__2026-02-08T23:24:24.153095+00:00/task_id=saludar_api permission to 509: [Errno 1] Operation not permitted: '/opt/airflow/logs/dag_id=01_prueba_de_vida/run_id=manual__2026-02-08T23:24:24.153095+00:00/task_id=saludar_api'
[2026-02-08T23:24:25.069+0000] {taskinstance.py:1157} INFO - Dependencies all met for dep_context=non-requeueable deps ti=<TaskInstance: 01_prueba_de_vida.saludar_api manual__2026-02-08T23:24:24.153095+00:00 [queued]>
[2026-02-08T23:24:25.077+0000] {taskinstance.py:1157} INFO - Dependencies all met for dep_context=requeueable deps ti=<TaskInstance: 01_prueba_de_vida.saludar_api manual__2026-02-08T23:24:24.153095+00:00 [queued]>
[2026-02-08T23:24:25.077+0000] {taskinstance.py:1359} INFO - Starting attempt 1 of 2
[2026-02-08T23:24:25.090+0000] {taskinstance.py:1380} INFO - Executing <Task(PythonOperator): saludar_api> on 2026-02-08 23:24:24.153095+00:00
[2026-02-08T23:24:25.096+0000] {standard_task_runner.py:57} INFO - Started process 240 to run task
[2026-02-08T23:24:25.099+0000] {standard_task_runner.py:84} INFO - Running: ['airflow', 'tasks', 'run', '01_prueba_de_vida', 'saludar_api', 'manual__2026-02-08T23:24:24.153095+00:00', '--job-id', '4', '--raw', '--subdir', 'DAGS_FOLDER/prueba_conexion.py', '--cfg-path', '/tmp/tmp10eoffd6']
[2026-02-08T23:24:25.102+0000] {standard_task_runner.py:85} INFO - Job 4: Subtask saludar_api
[2026-02-08T23:24:25.157+0000] {logging_mixin.py:151} INFO - Changing /opt/airflow/logs/dag_id=01_prueba_de_vida/run_id=manual__2026-02-08T23:24:24.153095+00:00/task_id=saludar_api permission to 509
[2026-02-08T23:24:25.158+0000] {logging_mixin.py:151} INFO - Failed to change /opt/airflow/logs/dag_id=01_prueba_de_vida/run_id=manual__2026-02-08T23:24:24.153095+00:00/task_id=saludar_api permission to 509: [Errno 1] Operation not permitted: '/opt/airflow/logs/dag_id=01_prueba_de_vida/run_id=manual__2026-02-08T23:24:24.153095+00:00/task_id=saludar_api'
[2026-02-08T23:24:25.159+0000] {task_command.py:415} INFO - Running <TaskInstance: 01_prueba_de_vida.saludar_api manual__2026-02-08T23:24:24.153095+00:00 [running]> on host a2f8944d6fac
[2026-02-08T23:24:25.237+0000] {taskinstance.py:1660} INFO - Exporting env vars: AIRFLOW_CTX_DAG_OWNER='marcel' AIRFLOW_CTX_DAG_ID='01_prueba_de_vida' AIRFLOW_CTX_TASK_ID='saludar_api' AIRFLOW_CTX_EXECUTION_DATE='2026-02-08T23:24:24.153095+00:00' AIRFLOW_CTX_TRY_NUMBER='1' AIRFLOW_CTX_DAG_RUN_ID='manual__2026-02-08T23:24:24.153095+00:00'
[2026-02-08T23:24:25.246+0000] {logging_mixin.py:151} INFO - Respuesta de la API: 200
[2026-02-08T23:24:25.246+0000] {python.py:194} INFO - Done. Returned value was: None
[2026-02-08T23:24:25.258+0000] {taskinstance.py:1398} INFO - Marking task as SUCCESS. dag_id=01_prueba_de_vida, task_id=saludar_api, execution_date=20260208T232424, start_date=20260208T232425, end_date=20260208T232425
[2026-02-08T23:24:24.902+0000] {local_task_job_runner.py:228} INFO - Task exited with return code 0
[2026-02-08T23:24:24.918+0000] {taskinstance.py:2776} INFO - 0 downstream tasks scheduled from follow-on schedule check
