[2026-02-08T23:22:10.800+0000] {logging_mixin.py:151} INFO - Changing /opt/airflow/logs/dag_id=01_prueba_de_vida/run_id=manual__2026-02-08T23:22:08.873716+00:00/task_id=saludar_api permission to 509
[2026-02-08T23:22:10.801+0000] {logging_mixin.py:151} INFO - Failed to change /opt/airflow/logs/dag_id=01_prueba_de_vida/run_id=manual__2026-02-08T23:22:08.873716+00:00/task_id=saludar_api permission to 509: [Errno 1] Operation not permitted: '/opt/airflow/logs/dag_id=01_prueba_de_vida/run_id=manual__2026-02-08T23:22:08.873716+00:00/task_id=saludar_api'
[2026-02-08T23:22:10.827+0000] {logging_mixin.py:151} INFO - Changing /opt/airflow/logs/dag_id=01_prueba_de_vida/run_id=manual__2026-02-08T23:22:08.873716+00:00/task_id=saludar_api permission to 509
[2026-02-08T23:22:10.829+0000] {logging_mixin.py:151} INFO - Failed to change /opt/airflow/logs/dag_id=01_prueba_de_vida/run_id=manual__2026-02-08T23:22:08.873716+00:00/task_id=saludar_api permission to 509: [Errno 1] Operation not permitted: '/opt/airflow/logs/dag_id=01_prueba_de_vida/run_id=manual__2026-02-08T23:22:08.873716+00:00/task_id=saludar_api'
[2026-02-08T23:22:10.854+0000] {taskinstance.py:1157} INFO - Dependencies all met for dep_context=non-requeueable deps ti=<TaskInstance: 01_prueba_de_vida.saludar_api manual__2026-02-08T23:22:08.873716+00:00 [queued]>
[2026-02-08T23:22:10.859+0000] {taskinstance.py:1157} INFO - Dependencies all met for dep_context=requeueable deps ti=<TaskInstance: 01_prueba_de_vida.saludar_api manual__2026-02-08T23:22:08.873716+00:00 [queued]>
[2026-02-08T23:22:10.859+0000] {taskinstance.py:1359} INFO - Starting attempt 1 of 2
[2026-02-08T23:22:10.867+0000] {taskinstance.py:1380} INFO - Executing <Task(PythonOperator): saludar_api> on 2026-02-08 23:22:08.873716+00:00
[2026-02-08T23:22:10.873+0000] {standard_task_runner.py:57} INFO - Started process 218 to run task
[2026-02-08T23:22:10.876+0000] {standard_task_runner.py:84} INFO - Running: ['airflow', 'tasks', 'run', '01_prueba_de_vida', 'saludar_api', 'manual__2026-02-08T23:22:08.873716+00:00', '--job-id', '3', '--raw', '--subdir', 'DAGS_FOLDER/prueba_conexion.py', '--cfg-path', '/tmp/tmpll92g402']
[2026-02-08T23:22:10.879+0000] {standard_task_runner.py:85} INFO - Job 3: Subtask saludar_api
[2026-02-08T23:22:10.922+0000] {logging_mixin.py:151} INFO - Changing /opt/airflow/logs/dag_id=01_prueba_de_vida/run_id=manual__2026-02-08T23:22:08.873716+00:00/task_id=saludar_api permission to 509
[2026-02-08T23:22:10.923+0000] {logging_mixin.py:151} INFO - Failed to change /opt/airflow/logs/dag_id=01_prueba_de_vida/run_id=manual__2026-02-08T23:22:08.873716+00:00/task_id=saludar_api permission to 509: [Errno 1] Operation not permitted: '/opt/airflow/logs/dag_id=01_prueba_de_vida/run_id=manual__2026-02-08T23:22:08.873716+00:00/task_id=saludar_api'
[2026-02-08T23:22:10.924+0000] {task_command.py:415} INFO - Running <TaskInstance: 01_prueba_de_vida.saludar_api manual__2026-02-08T23:22:08.873716+00:00 [running]> on host a2f8944d6fac
[2026-02-08T23:22:11.001+0000] {taskinstance.py:1660} INFO - Exporting env vars: AIRFLOW_CTX_DAG_OWNER='marcel' AIRFLOW_CTX_DAG_ID='01_prueba_de_vida' AIRFLOW_CTX_TASK_ID='saludar_api' AIRFLOW_CTX_EXECUTION_DATE='2026-02-08T23:22:08.873716+00:00' AIRFLOW_CTX_TRY_NUMBER='1' AIRFLOW_CTX_DAG_RUN_ID='manual__2026-02-08T23:22:08.873716+00:00'
[2026-02-08T23:22:11.020+0000] {logging_mixin.py:151} INFO - Respuesta de la API: 200
[2026-02-08T23:22:11.021+0000] {python.py:194} INFO - Done. Returned value was: None
[2026-02-08T23:22:11.030+0000] {taskinstance.py:1398} INFO - Marking task as SUCCESS. dag_id=01_prueba_de_vida, task_id=saludar_api, execution_date=20260208T232208, start_date=20260208T232210, end_date=20260208T232211
[2026-02-08T23:22:11.048+0000] {local_task_job_runner.py:228} INFO - Task exited with return code 0
[2026-02-08T23:22:11.063+0000] {taskinstance.py:2776} INFO - 0 downstream tasks scheduled from follow-on schedule check
