[2026-02-08T23:03:08.713+0000] {manager.py:487} INFO - Processing files using up to 2 processes at a time 
[2026-02-08T23:03:08.714+0000] {manager.py:488} INFO - Process each file at most once every 30 seconds
[2026-02-08T23:03:08.714+0000] {manager.py:489} INFO - Checking for new files in /opt/airflow/dags every 300 seconds
[2026-02-08T23:03:08.714+0000] {manager.py:759} INFO - Searching for files in /opt/airflow/dags
[2026-02-08T23:03:08.716+0000] {manager.py:762} INFO - There are 0 files in /opt/airflow/dags
[2026-02-08T23:08:09.577+0000] {manager.py:759} INFO - Searching for files in /opt/airflow/dags
[2026-02-08T23:08:09.579+0000] {manager.py:762} INFO - There are 0 files in /opt/airflow/dags
[2026-02-08T23:13:10.517+0000] {manager.py:759} INFO - Searching for files in /opt/airflow/dags
[2026-02-08T23:13:10.520+0000] {manager.py:762} INFO - There are 0 files in /opt/airflow/dags
[2026-02-08T23:18:11.343+0000] {manager.py:759} INFO - Searching for files in /opt/airflow/dags
[2026-02-08T23:18:11.350+0000] {manager.py:762} INFO - There are 1 files in /opt/airflow/dags
[2026-02-08T23:18:11.380+0000] {manager.py:893} INFO - 
================================================================================
DAG File Processing Stats

File Path                               PID  Runtime      # DAGs    # Errors  Last Runtime    Last Run
------------------------------------  -----  ---------  --------  ----------  --------------  ----------
/opt/airflow/dags/prueba_conexion.py    175  0.01s             0           0
================================================================================
[2026-02-08T23:18:37.658+0000] {manager.py:469} INFO - Exiting gracefully upon receiving signal 15
[2026-02-08T23:18:43.291+0000] {manager.py:487} INFO - Processing files using up to 2 processes at a time 
[2026-02-08T23:18:43.292+0000] {manager.py:488} INFO - Process each file at most once every 30 seconds
[2026-02-08T23:18:43.292+0000] {manager.py:489} INFO - Checking for new files in /opt/airflow/dags every 300 seconds
[2026-02-08T23:18:43.292+0000] {manager.py:759} INFO - Searching for files in /opt/airflow/dags
[2026-02-08T23:18:43.305+0000] {manager.py:762} INFO - There are 1 files in /opt/airflow/dags
[2026-02-08T23:18:43.387+0000] {manager.py:893} INFO - 
================================================================================
DAG File Processing Stats

File Path                               PID  Runtime      # DAGs    # Errors  Last Runtime    Last Run
------------------------------------  -----  ---------  --------  ----------  --------------  ----------
/opt/airflow/dags/prueba_conexion.py    175  0.04s             0           0
================================================================================
[2026-02-08T23:19:16.889+0000] {manager.py:893} INFO - 
================================================================================
DAG File Processing Stats

File Path                             PID    Runtime      # DAGs    # Errors  Last Runtime    Last Run
------------------------------------  -----  ---------  --------  ----------  --------------  -------------------
/opt/airflow/dags/prueba_conexion.py                           1           0  0.10s           2026-02-08T23:19:13
================================================================================
[2026-02-08T23:19:50.380+0000] {manager.py:893} INFO - 
================================================================================
DAG File Processing Stats

File Path                             PID    Runtime      # DAGs    # Errors  Last Runtime    Last Run
------------------------------------  -----  ---------  --------  ----------  --------------  -------------------
/opt/airflow/dags/prueba_conexion.py                           1           0  0.10s           2026-02-08T23:19:44
================================================================================
[2026-02-08T23:20:23.892+0000] {manager.py:893} INFO - 
================================================================================
DAG File Processing Stats

File Path                             PID    Runtime      # DAGs    # Errors  Last Runtime    Last Run
------------------------------------  -----  ---------  --------  ----------  --------------  -------------------
/opt/airflow/dags/prueba_conexion.py                           1           0  0.10s           2026-02-08T23:20:14
================================================================================
[2026-02-08T23:20:57.392+0000] {manager.py:893} INFO - 
================================================================================
DAG File Processing Stats

File Path                             PID    Runtime      # DAGs    # Errors  Last Runtime    Last Run
------------------------------------  -----  ---------  --------  ----------  --------------  -------------------
/opt/airflow/dags/prueba_conexion.py                           1           0  0.10s           2026-02-08T23:20:45
================================================================================
[2026-02-08T23:21:30.887+0000] {manager.py:893} INFO - 
================================================================================
DAG File Processing Stats

File Path                             PID    Runtime      # DAGs    # Errors  Last Runtime    Last Run
------------------------------------  -----  ---------  --------  ----------  --------------  -------------------
/opt/airflow/dags/prueba_conexion.py                           1           0  0.10s           2026-02-08T23:21:15
================================================================================
[2026-02-08T23:22:04.392+0000] {manager.py:893} INFO - 
================================================================================
DAG File Processing Stats

File Path                             PID    Runtime      # DAGs    # Errors  Last Runtime    Last Run
------------------------------------  -----  ---------  --------  ----------  --------------  -------------------
/opt/airflow/dags/prueba_conexion.py                           1           0  0.13s           2026-02-08T23:21:46
================================================================================
[2026-02-08T23:22:37.910+0000] {manager.py:893} INFO - 
================================================================================
DAG File Processing Stats

File Path                             PID    Runtime      # DAGs    # Errors  Last Runtime    Last Run
------------------------------------  -----  ---------  --------  ----------  --------------  -------------------
/opt/airflow/dags/prueba_conexion.py                           1           0  0.09s           2026-02-08T23:22:16
================================================================================
[2026-02-08T23:23:11.383+0000] {manager.py:893} INFO - 
================================================================================
DAG File Processing Stats

File Path                             PID    Runtime      # DAGs    # Errors  Last Runtime    Last Run
------------------------------------  -----  ---------  --------  ----------  --------------  -------------------
/opt/airflow/dags/prueba_conexion.py                           1           0  0.09s           2026-02-08T23:22:49
================================================================================
[2026-02-08T23:23:43.894+0000] {manager.py:759} INFO - Searching for files in /opt/airflow/dags
[2026-02-08T23:23:43.907+0000] {manager.py:762} INFO - There are 1 files in /opt/airflow/dags
[2026-02-08T23:23:44.918+0000] {manager.py:893} INFO - 
================================================================================
DAG File Processing Stats

File Path                             PID    Runtime      # DAGs    # Errors  Last Runtime    Last Run
------------------------------------  -----  ---------  --------  ----------  --------------  -------------------
/opt/airflow/dags/prueba_conexion.py                           1           0  0.23s           2026-02-08T23:23:22
================================================================================
[2026-02-08T23:24:18.506+0000] {manager.py:893} INFO - 
================================================================================
DAG File Processing Stats

File Path                             PID    Runtime      # DAGs    # Errors  Last Runtime    Last Run
------------------------------------  -----  ---------  --------  ----------  --------------  -------------------
/opt/airflow/dags/prueba_conexion.py                           1           0  0.23s           2026-02-08T23:23:56
================================================================================
[2026-02-08T23:24:52.052+0000] {manager.py:893} INFO - 
================================================================================
DAG File Processing Stats

File Path                             PID    Runtime      # DAGs    # Errors  Last Runtime    Last Run
------------------------------------  -----  ---------  --------  ----------  --------------  -------------------
/opt/airflow/dags/prueba_conexion.py                           1           0  0.23s           2026-02-08T23:24:29
================================================================================
[2026-02-08T23:25:25.759+0000] {manager.py:893} INFO - 
================================================================================
DAG File Processing Stats

File Path                             PID    Runtime      # DAGs    # Errors  Last Runtime    Last Run
------------------------------------  -----  ---------  --------  ----------  --------------  -------------------
/opt/airflow/dags/prueba_conexion.py                           1           0  0.21s           2026-02-08T23:25:02
================================================================================
[2026-02-08T23:25:59.228+0000] {manager.py:893} INFO - 
================================================================================
DAG File Processing Stats

File Path                             PID    Runtime      # DAGs    # Errors  Last Runtime    Last Run
------------------------------------  -----  ---------  --------  ----------  --------------  -------------------
/opt/airflow/dags/prueba_conexion.py                           1           0  0.10s           2026-02-08T23:25:36
================================================================================
[2026-02-08T23:26:32.751+0000] {manager.py:893} INFO - 
================================================================================
DAG File Processing Stats

File Path                             PID    Runtime      # DAGs    # Errors  Last Runtime    Last Run
------------------------------------  -----  ---------  --------  ----------  --------------  -------------------
/opt/airflow/dags/prueba_conexion.py                           1           0  0.10s           2026-02-08T23:26:09
================================================================================
[2026-02-08T23:27:06.222+0000] {manager.py:893} INFO - 
================================================================================
DAG File Processing Stats

File Path                             PID    Runtime      # DAGs    # Errors  Last Runtime    Last Run
------------------------------------  -----  ---------  --------  ----------  --------------  -------------------
/opt/airflow/dags/prueba_conexion.py                           1           0  0.10s           2026-02-08T23:26:42
================================================================================
[2026-02-08T23:27:39.749+0000] {manager.py:893} INFO - 
================================================================================
DAG File Processing Stats

File Path                             PID    Runtime      # DAGs    # Errors  Last Runtime    Last Run
------------------------------------  -----  ---------  --------  ----------  --------------  -------------------
/opt/airflow/dags/prueba_conexion.py                           1           0  0.11s           2026-02-08T23:27:15
================================================================================
[2026-02-08T23:28:13.232+0000] {manager.py:893} INFO - 
================================================================================
DAG File Processing Stats

File Path                             PID    Runtime      # DAGs    # Errors  Last Runtime    Last Run
------------------------------------  -----  ---------  --------  ----------  --------------  -------------------
/opt/airflow/dags/prueba_conexion.py                           1           0  0.11s           2026-02-08T23:27:49
================================================================================
[2026-02-08T23:28:44.740+0000] {manager.py:759} INFO - Searching for files in /opt/airflow/dags
[2026-02-08T23:28:44.750+0000] {manager.py:762} INFO - There are 1 files in /opt/airflow/dags
[2026-02-08T23:28:46.764+0000] {manager.py:893} INFO - 
================================================================================
DAG File Processing Stats

File Path                             PID    Runtime      # DAGs    # Errors  Last Runtime    Last Run
------------------------------------  -----  ---------  --------  ----------  --------------  -------------------
/opt/airflow/dags/prueba_conexion.py                           1           0  0.10s           2026-02-08T23:28:22
================================================================================
[2026-02-08T23:29:20.235+0000] {manager.py:893} INFO - 
================================================================================
DAG File Processing Stats

File Path                             PID    Runtime      # DAGs    # Errors  Last Runtime    Last Run
------------------------------------  -----  ---------  --------  ----------  --------------  -------------------
/opt/airflow/dags/prueba_conexion.py                           1           0  0.10s           2026-02-08T23:28:56
================================================================================
[2026-02-08T23:29:53.760+0000] {manager.py:893} INFO - 
================================================================================
DAG File Processing Stats

File Path                             PID    Runtime      # DAGs    # Errors  Last Runtime    Last Run
------------------------------------  -----  ---------  --------  ----------  --------------  -------------------
/opt/airflow/dags/prueba_conexion.py                           1           0  0.10s           2026-02-08T23:29:29
================================================================================
[2026-02-08T23:30:27.223+0000] {manager.py:893} INFO - 
================================================================================
DAG File Processing Stats

File Path                             PID    Runtime      # DAGs    # Errors  Last Runtime    Last Run
------------------------------------  -----  ---------  --------  ----------  --------------  -------------------
/opt/airflow/dags/prueba_conexion.py                           1           0  0.10s           2026-02-08T23:30:02
================================================================================
[2026-02-08T23:31:00.764+0000] {manager.py:893} INFO - 
================================================================================
DAG File Processing Stats

File Path                             PID    Runtime      # DAGs    # Errors  Last Runtime    Last Run
------------------------------------  -----  ---------  --------  ----------  --------------  -------------------
/opt/airflow/dags/prueba_conexion.py                           1           0  0.10s           2026-02-08T23:30:35
================================================================================
[2026-02-08T23:31:34.241+0000] {manager.py:893} INFO - 
================================================================================
DAG File Processing Stats

File Path                             PID    Runtime      # DAGs    # Errors  Last Runtime    Last Run
------------------------------------  -----  ---------  --------  ----------  --------------  -------------------
/opt/airflow/dags/prueba_conexion.py                           1           0  0.09s           2026-02-08T23:31:09
================================================================================
[2026-02-08T23:32:07.762+0000] {manager.py:893} INFO - 
================================================================================
DAG File Processing Stats

File Path                             PID    Runtime      # DAGs    # Errors  Last Runtime    Last Run
------------------------------------  -----  ---------  --------  ----------  --------------  -------------------
/opt/airflow/dags/prueba_conexion.py                           1           0  0.10s           2026-02-08T23:31:42
================================================================================
[2026-02-08T23:32:41.246+0000] {manager.py:893} INFO - 
================================================================================
DAG File Processing Stats

File Path                             PID    Runtime      # DAGs    # Errors  Last Runtime    Last Run
------------------------------------  -----  ---------  --------  ----------  --------------  -------------------
/opt/airflow/dags/prueba_conexion.py                           1           0  0.12s           2026-02-08T23:32:16
================================================================================
[2026-02-08T23:33:14.787+0000] {manager.py:893} INFO - 
================================================================================
DAG File Processing Stats

File Path                             PID    Runtime      # DAGs    # Errors  Last Runtime    Last Run
------------------------------------  -----  ---------  --------  ----------  --------------  -------------------
/opt/airflow/dags/prueba_conexion.py                           1           0  0.10s           2026-02-08T23:32:49
================================================================================
[2026-02-08T23:33:45.245+0000] {manager.py:759} INFO - Searching for files in /opt/airflow/dags
[2026-02-08T23:33:45.257+0000] {manager.py:762} INFO - There are 1 files in /opt/airflow/dags
[2026-02-08T23:33:48.277+0000] {manager.py:893} INFO - 
================================================================================
DAG File Processing Stats

File Path                             PID    Runtime      # DAGs    # Errors  Last Runtime    Last Run
------------------------------------  -----  ---------  --------  ----------  --------------  -------------------
/opt/airflow/dags/prueba_conexion.py                           1           0  0.09s           2026-02-08T23:33:22
================================================================================
[2026-02-08T23:34:21.782+0000] {manager.py:893} INFO - 
================================================================================
DAG File Processing Stats

File Path                             PID    Runtime      # DAGs    # Errors  Last Runtime    Last Run
------------------------------------  -----  ---------  --------  ----------  --------------  -------------------
/opt/airflow/dags/prueba_conexion.py                           1           0  0.09s           2026-02-08T23:33:55
================================================================================
