[2026-02-08T23:18:11.395+0000] {processor.py:157} INFO - Started process (PID=175) to work on /opt/airflow/dags/prueba_conexion.py
[2026-02-08T23:18:11.396+0000] {processor.py:829} INFO - Processing file /opt/airflow/dags/prueba_conexion.py for tasks to queue
[2026-02-08T23:18:11.396+0000] {logging_mixin.py:151} INFO - [2026-02-08T23:18:11.396+0000] {dagbag.py:539} INFO - Filling up the DagBag from /opt/airflow/dags/prueba_conexion.py
[2026-02-08T23:18:11.435+0000] {processor.py:839} INFO - DAG(s) dict_keys(['01_prueba_de_vida']) retrieved from /opt/airflow/dags/prueba_conexion.py
[2026-02-08T23:18:11.664+0000] {logging_mixin.py:151} INFO - [2026-02-08T23:18:11.664+0000] {manager.py:499} INFO - Created Permission View: %s
[2026-02-08T23:18:11.673+0000] {logging_mixin.py:151} INFO - [2026-02-08T23:18:11.673+0000] {manager.py:499} INFO - Created Permission View: %s
[2026-02-08T23:18:11.678+0000] {logging_mixin.py:151} INFO - [2026-02-08T23:18:11.678+0000] {manager.py:499} INFO - Created Permission View: %s
[2026-02-08T23:18:11.678+0000] {logging_mixin.py:151} INFO - [2026-02-08T23:18:11.678+0000] {security.py:708} INFO - Not syncing DAG-level permissions for DAG 'DAG:01_prueba_de_vida' as access control is unset.
[2026-02-08T23:18:11.678+0000] {logging_mixin.py:151} INFO - [2026-02-08T23:18:11.678+0000] {dag.py:2915} INFO - Sync 1 DAGs
[2026-02-08T23:18:11.688+0000] {logging_mixin.py:151} INFO - [2026-02-08T23:18:11.688+0000] {dag.py:2937} INFO - Creating ORM DAG for 01_prueba_de_vida
[2026-02-08T23:18:11.689+0000] {logging_mixin.py:151} INFO - [2026-02-08T23:18:11.689+0000] {dag.py:3696} INFO - Setting next_dagrun for 01_prueba_de_vida to None, run_after=None
[2026-02-08T23:18:11.705+0000] {processor.py:179} INFO - Processing /opt/airflow/dags/prueba_conexion.py took 0.316 seconds
[2026-02-08T23:18:43.359+0000] {processor.py:157} INFO - Started process (PID=175) to work on /opt/airflow/dags/prueba_conexion.py
[2026-02-08T23:18:43.360+0000] {processor.py:829} INFO - Processing file /opt/airflow/dags/prueba_conexion.py for tasks to queue
[2026-02-08T23:18:43.361+0000] {logging_mixin.py:151} INFO - [2026-02-08T23:18:43.361+0000] {dagbag.py:539} INFO - Filling up the DagBag from /opt/airflow/dags/prueba_conexion.py
[2026-02-08T23:18:43.377+0000] {processor.py:839} INFO - DAG(s) dict_keys(['01_prueba_de_vida']) retrieved from /opt/airflow/dags/prueba_conexion.py
[2026-02-08T23:18:43.415+0000] {logging_mixin.py:151} INFO - [2026-02-08T23:18:43.415+0000] {dag.py:2915} INFO - Sync 1 DAGs
[2026-02-08T23:18:43.426+0000] {logging_mixin.py:151} INFO - [2026-02-08T23:18:43.426+0000] {dag.py:3696} INFO - Setting next_dagrun for 01_prueba_de_vida to None, run_after=None
[2026-02-08T23:18:43.441+0000] {processor.py:179} INFO - Processing /opt/airflow/dags/prueba_conexion.py took 0.085 seconds
[2026-02-08T23:19:13.852+0000] {processor.py:157} INFO - Started process (PID=187) to work on /opt/airflow/dags/prueba_conexion.py
[2026-02-08T23:19:13.853+0000] {processor.py:829} INFO - Processing file /opt/airflow/dags/prueba_conexion.py for tasks to queue
[2026-02-08T23:19:13.853+0000] {logging_mixin.py:151} INFO - [2026-02-08T23:19:13.853+0000] {dagbag.py:539} INFO - Filling up the DagBag from /opt/airflow/dags/prueba_conexion.py
[2026-02-08T23:19:13.870+0000] {processor.py:839} INFO - DAG(s) dict_keys(['01_prueba_de_vida']) retrieved from /opt/airflow/dags/prueba_conexion.py
[2026-02-08T23:19:13.897+0000] {logging_mixin.py:151} INFO - [2026-02-08T23:19:13.897+0000] {dag.py:2915} INFO - Sync 1 DAGs
[2026-02-08T23:19:13.908+0000] {logging_mixin.py:151} INFO - [2026-02-08T23:19:13.908+0000] {dag.py:3696} INFO - Setting next_dagrun for 01_prueba_de_vida to None, run_after=None
[2026-02-08T23:19:13.923+0000] {processor.py:179} INFO - Processing /opt/airflow/dags/prueba_conexion.py took 0.074 seconds
[2026-02-08T23:19:44.343+0000] {processor.py:157} INFO - Started process (PID=192) to work on /opt/airflow/dags/prueba_conexion.py
[2026-02-08T23:19:44.344+0000] {processor.py:829} INFO - Processing file /opt/airflow/dags/prueba_conexion.py for tasks to queue
[2026-02-08T23:19:44.345+0000] {logging_mixin.py:151} INFO - [2026-02-08T23:19:44.345+0000] {dagbag.py:539} INFO - Filling up the DagBag from /opt/airflow/dags/prueba_conexion.py
[2026-02-08T23:19:44.365+0000] {processor.py:839} INFO - DAG(s) dict_keys(['01_prueba_de_vida']) retrieved from /opt/airflow/dags/prueba_conexion.py
[2026-02-08T23:19:44.391+0000] {logging_mixin.py:151} INFO - [2026-02-08T23:19:44.391+0000] {dag.py:2915} INFO - Sync 1 DAGs
[2026-02-08T23:19:44.402+0000] {logging_mixin.py:151} INFO - [2026-02-08T23:19:44.402+0000] {dag.py:3696} INFO - Setting next_dagrun for 01_prueba_de_vida to None, run_after=None
[2026-02-08T23:19:44.417+0000] {processor.py:179} INFO - Processing /opt/airflow/dags/prueba_conexion.py took 0.078 seconds
[2026-02-08T23:20:14.823+0000] {processor.py:157} INFO - Started process (PID=197) to work on /opt/airflow/dags/prueba_conexion.py
[2026-02-08T23:20:14.825+0000] {processor.py:829} INFO - Processing file /opt/airflow/dags/prueba_conexion.py for tasks to queue
[2026-02-08T23:20:14.825+0000] {logging_mixin.py:151} INFO - [2026-02-08T23:20:14.825+0000] {dagbag.py:539} INFO - Filling up the DagBag from /opt/airflow/dags/prueba_conexion.py
[2026-02-08T23:20:14.843+0000] {processor.py:839} INFO - DAG(s) dict_keys(['01_prueba_de_vida']) retrieved from /opt/airflow/dags/prueba_conexion.py
[2026-02-08T23:20:14.870+0000] {logging_mixin.py:151} INFO - [2026-02-08T23:20:14.869+0000] {dag.py:2915} INFO - Sync 1 DAGs
[2026-02-08T23:20:14.881+0000] {logging_mixin.py:151} INFO - [2026-02-08T23:20:14.881+0000] {dag.py:3696} INFO - Setting next_dagrun for 01_prueba_de_vida to None, run_after=None
[2026-02-08T23:20:14.894+0000] {processor.py:179} INFO - Processing /opt/airflow/dags/prueba_conexion.py took 0.075 seconds
[2026-02-08T23:20:45.317+0000] {processor.py:157} INFO - Started process (PID=202) to work on /opt/airflow/dags/prueba_conexion.py
[2026-02-08T23:20:45.317+0000] {processor.py:829} INFO - Processing file /opt/airflow/dags/prueba_conexion.py for tasks to queue
[2026-02-08T23:20:45.318+0000] {logging_mixin.py:151} INFO - [2026-02-08T23:20:45.318+0000] {dagbag.py:539} INFO - Filling up the DagBag from /opt/airflow/dags/prueba_conexion.py
[2026-02-08T23:20:45.335+0000] {processor.py:839} INFO - DAG(s) dict_keys(['01_prueba_de_vida']) retrieved from /opt/airflow/dags/prueba_conexion.py
[2026-02-08T23:20:45.361+0000] {logging_mixin.py:151} INFO - [2026-02-08T23:20:45.361+0000] {dag.py:2915} INFO - Sync 1 DAGs
[2026-02-08T23:20:45.372+0000] {logging_mixin.py:151} INFO - [2026-02-08T23:20:45.372+0000] {dag.py:3696} INFO - Setting next_dagrun for 01_prueba_de_vida to None, run_after=None
[2026-02-08T23:20:45.387+0000] {processor.py:179} INFO - Processing /opt/airflow/dags/prueba_conexion.py took 0.073 seconds
[2026-02-08T23:21:15.810+0000] {processor.py:157} INFO - Started process (PID=207) to work on /opt/airflow/dags/prueba_conexion.py
[2026-02-08T23:21:15.813+0000] {processor.py:829} INFO - Processing file /opt/airflow/dags/prueba_conexion.py for tasks to queue
[2026-02-08T23:21:15.814+0000] {logging_mixin.py:151} INFO - [2026-02-08T23:21:15.814+0000] {dagbag.py:539} INFO - Filling up the DagBag from /opt/airflow/dags/prueba_conexion.py
[2026-02-08T23:21:15.833+0000] {processor.py:839} INFO - DAG(s) dict_keys(['01_prueba_de_vida']) retrieved from /opt/airflow/dags/prueba_conexion.py
[2026-02-08T23:21:15.859+0000] {logging_mixin.py:151} INFO - [2026-02-08T23:21:15.859+0000] {dag.py:2915} INFO - Sync 1 DAGs
[2026-02-08T23:21:15.870+0000] {logging_mixin.py:151} INFO - [2026-02-08T23:21:15.870+0000] {dag.py:3696} INFO - Setting next_dagrun for 01_prueba_de_vida to None, run_after=None
[2026-02-08T23:21:15.884+0000] {processor.py:179} INFO - Processing /opt/airflow/dags/prueba_conexion.py took 0.079 seconds
[2026-02-08T23:21:46.296+0000] {processor.py:157} INFO - Started process (PID=212) to work on /opt/airflow/dags/prueba_conexion.py
[2026-02-08T23:21:46.297+0000] {processor.py:829} INFO - Processing file /opt/airflow/dags/prueba_conexion.py for tasks to queue
[2026-02-08T23:21:46.298+0000] {logging_mixin.py:151} INFO - [2026-02-08T23:21:46.298+0000] {dagbag.py:539} INFO - Filling up the DagBag from /opt/airflow/dags/prueba_conexion.py
[2026-02-08T23:21:46.320+0000] {processor.py:839} INFO - DAG(s) dict_keys(['01_prueba_de_vida']) retrieved from /opt/airflow/dags/prueba_conexion.py
[2026-02-08T23:21:46.351+0000] {logging_mixin.py:151} INFO - [2026-02-08T23:21:46.351+0000] {dag.py:2915} INFO - Sync 1 DAGs
[2026-02-08T23:21:46.364+0000] {logging_mixin.py:151} INFO - [2026-02-08T23:21:46.364+0000] {dag.py:3696} INFO - Setting next_dagrun for 01_prueba_de_vida to None, run_after=None
[2026-02-08T23:21:46.384+0000] {processor.py:179} INFO - Processing /opt/airflow/dags/prueba_conexion.py took 0.093 seconds
[2026-02-08T23:22:16.784+0000] {processor.py:157} INFO - Started process (PID=219) to work on /opt/airflow/dags/prueba_conexion.py
[2026-02-08T23:22:16.785+0000] {processor.py:829} INFO - Processing file /opt/airflow/dags/prueba_conexion.py for tasks to queue
[2026-02-08T23:22:16.786+0000] {logging_mixin.py:151} INFO - [2026-02-08T23:22:16.786+0000] {dagbag.py:539} INFO - Filling up the DagBag from /opt/airflow/dags/prueba_conexion.py
[2026-02-08T23:22:16.802+0000] {processor.py:839} INFO - DAG(s) dict_keys(['01_prueba_de_vida']) retrieved from /opt/airflow/dags/prueba_conexion.py
[2026-02-08T23:22:16.825+0000] {logging_mixin.py:151} INFO - [2026-02-08T23:22:16.825+0000] {dag.py:2915} INFO - Sync 1 DAGs
[2026-02-08T23:22:16.834+0000] {logging_mixin.py:151} INFO - [2026-02-08T23:22:16.834+0000] {dag.py:3696} INFO - Setting next_dagrun for 01_prueba_de_vida to None, run_after=None
[2026-02-08T23:22:16.847+0000] {processor.py:179} INFO - Processing /opt/airflow/dags/prueba_conexion.py took 0.066 seconds
[2026-02-08T23:22:49.301+0000] {processor.py:157} INFO - Started process (PID=224) to work on /opt/airflow/dags/prueba_conexion.py
[2026-02-08T23:22:49.301+0000] {processor.py:829} INFO - Processing file /opt/airflow/dags/prueba_conexion.py for tasks to queue
[2026-02-08T23:22:49.302+0000] {logging_mixin.py:151} INFO - [2026-02-08T23:22:49.302+0000] {dagbag.py:539} INFO - Filling up the DagBag from /opt/airflow/dags/prueba_conexion.py
[2026-02-08T23:22:49.317+0000] {processor.py:839} INFO - DAG(s) dict_keys(['01_prueba_de_vida']) retrieved from /opt/airflow/dags/prueba_conexion.py
[2026-02-08T23:22:49.341+0000] {logging_mixin.py:151} INFO - [2026-02-08T23:22:49.341+0000] {dag.py:2915} INFO - Sync 1 DAGs
[2026-02-08T23:22:49.350+0000] {logging_mixin.py:151} INFO - [2026-02-08T23:22:49.350+0000] {dag.py:3696} INFO - Setting next_dagrun for 01_prueba_de_vida to None, run_after=None
[2026-02-08T23:22:49.364+0000] {processor.py:179} INFO - Processing /opt/airflow/dags/prueba_conexion.py took 0.066 seconds
[2026-02-08T23:23:22.770+0000] {processor.py:157} INFO - Started process (PID=229) to work on /opt/airflow/dags/prueba_conexion.py
[2026-02-08T23:23:22.771+0000] {processor.py:829} INFO - Processing file /opt/airflow/dags/prueba_conexion.py for tasks to queue
[2026-02-08T23:23:22.772+0000] {logging_mixin.py:151} INFO - [2026-02-08T23:23:22.772+0000] {dagbag.py:539} INFO - Filling up the DagBag from /opt/airflow/dags/prueba_conexion.py
[2026-02-08T23:23:22.788+0000] {processor.py:839} INFO - DAG(s) dict_keys(['01_prueba_de_vida']) retrieved from /opt/airflow/dags/prueba_conexion.py
[2026-02-08T23:23:22.812+0000] {logging_mixin.py:151} INFO - [2026-02-08T23:23:22.812+0000] {dag.py:2915} INFO - Sync 1 DAGs
[2026-02-08T23:23:22.822+0000] {logging_mixin.py:151} INFO - [2026-02-08T23:23:22.822+0000] {dag.py:3696} INFO - Setting next_dagrun for 01_prueba_de_vida to None, run_after=None
[2026-02-08T23:23:22.964+0000] {processor.py:179} INFO - Processing /opt/airflow/dags/prueba_conexion.py took 0.197 seconds
[2026-02-08T23:23:56.303+0000] {processor.py:157} INFO - Started process (PID=234) to work on /opt/airflow/dags/prueba_conexion.py
[2026-02-08T23:23:56.304+0000] {processor.py:829} INFO - Processing file /opt/airflow/dags/prueba_conexion.py for tasks to queue
[2026-02-08T23:23:56.305+0000] {logging_mixin.py:151} INFO - [2026-02-08T23:23:56.304+0000] {dagbag.py:539} INFO - Filling up the DagBag from /opt/airflow/dags/prueba_conexion.py
[2026-02-08T23:23:56.320+0000] {processor.py:839} INFO - DAG(s) dict_keys(['01_prueba_de_vida']) retrieved from /opt/airflow/dags/prueba_conexion.py
[2026-02-08T23:23:56.344+0000] {logging_mixin.py:151} INFO - [2026-02-08T23:23:56.344+0000] {dag.py:2915} INFO - Sync 1 DAGs
[2026-02-08T23:23:56.485+0000] {logging_mixin.py:151} INFO - [2026-02-08T23:23:56.484+0000] {dag.py:3696} INFO - Setting next_dagrun for 01_prueba_de_vida to None, run_after=None
[2026-02-08T23:23:56.499+0000] {processor.py:179} INFO - Processing /opt/airflow/dags/prueba_conexion.py took 0.199 seconds
[2026-02-08T23:24:28.894+0000] {processor.py:157} INFO - Started process (PID=241) to work on /opt/airflow/dags/prueba_conexion.py
[2026-02-08T23:24:28.895+0000] {processor.py:829} INFO - Processing file /opt/airflow/dags/prueba_conexion.py for tasks to queue
[2026-02-08T23:24:28.896+0000] {logging_mixin.py:151} INFO - [2026-02-08T23:24:28.896+0000] {dagbag.py:539} INFO - Filling up the DagBag from /opt/airflow/dags/prueba_conexion.py
[2026-02-08T23:24:28.914+0000] {processor.py:839} INFO - DAG(s) dict_keys(['01_prueba_de_vida']) retrieved from /opt/airflow/dags/prueba_conexion.py
[2026-02-08T23:24:29.068+0000] {logging_mixin.py:151} INFO - [2026-02-08T23:24:29.068+0000] {dag.py:2915} INFO - Sync 1 DAGs
[2026-02-08T23:24:29.076+0000] {logging_mixin.py:151} INFO - [2026-02-08T23:24:29.076+0000] {dag.py:3696} INFO - Setting next_dagrun for 01_prueba_de_vida to None, run_after=None
[2026-02-08T23:24:29.090+0000] {processor.py:179} INFO - Processing /opt/airflow/dags/prueba_conexion.py took 0.200 seconds
[2026-02-08T23:25:02.434+0000] {processor.py:157} INFO - Started process (PID=246) to work on /opt/airflow/dags/prueba_conexion.py
[2026-02-08T23:25:02.435+0000] {processor.py:829} INFO - Processing file /opt/airflow/dags/prueba_conexion.py for tasks to queue
[2026-02-08T23:25:02.436+0000] {logging_mixin.py:151} INFO - [2026-02-08T23:25:02.436+0000] {dagbag.py:539} INFO - Filling up the DagBag from /opt/airflow/dags/prueba_conexion.py
[2026-02-08T23:25:02.577+0000] {processor.py:839} INFO - DAG(s) dict_keys(['01_prueba_de_vida']) retrieved from /opt/airflow/dags/prueba_conexion.py
[2026-02-08T23:25:02.597+0000] {logging_mixin.py:151} INFO - [2026-02-08T23:25:02.597+0000] {dag.py:2915} INFO - Sync 1 DAGs
[2026-02-08T23:25:02.605+0000] {logging_mixin.py:151} INFO - [2026-02-08T23:25:02.605+0000] {dag.py:3696} INFO - Setting next_dagrun for 01_prueba_de_vida to None, run_after=None
[2026-02-08T23:25:02.618+0000] {processor.py:179} INFO - Processing /opt/airflow/dags/prueba_conexion.py took 0.186 seconds
[2026-02-08T23:25:36.143+0000] {processor.py:157} INFO - Started process (PID=251) to work on /opt/airflow/dags/prueba_conexion.py
[2026-02-08T23:25:36.144+0000] {processor.py:829} INFO - Processing file /opt/airflow/dags/prueba_conexion.py for tasks to queue
[2026-02-08T23:25:36.144+0000] {logging_mixin.py:151} INFO - [2026-02-08T23:25:36.144+0000] {dagbag.py:539} INFO - Filling up the DagBag from /opt/airflow/dags/prueba_conexion.py
[2026-02-08T23:25:36.162+0000] {processor.py:839} INFO - DAG(s) dict_keys(['01_prueba_de_vida']) retrieved from /opt/airflow/dags/prueba_conexion.py
[2026-02-08T23:25:36.189+0000] {logging_mixin.py:151} INFO - [2026-02-08T23:25:36.189+0000] {dag.py:2915} INFO - Sync 1 DAGs
[2026-02-08T23:25:36.200+0000] {logging_mixin.py:151} INFO - [2026-02-08T23:25:36.200+0000] {dag.py:3696} INFO - Setting next_dagrun for 01_prueba_de_vida to None, run_after=None
[2026-02-08T23:25:36.214+0000] {processor.py:179} INFO - Processing /opt/airflow/dags/prueba_conexion.py took 0.073 seconds
[2026-02-08T23:26:09.608+0000] {processor.py:157} INFO - Started process (PID=256) to work on /opt/airflow/dags/prueba_conexion.py
[2026-02-08T23:26:09.609+0000] {processor.py:829} INFO - Processing file /opt/airflow/dags/prueba_conexion.py for tasks to queue
[2026-02-08T23:26:09.610+0000] {logging_mixin.py:151} INFO - [2026-02-08T23:26:09.609+0000] {dagbag.py:539} INFO - Filling up the DagBag from /opt/airflow/dags/prueba_conexion.py
[2026-02-08T23:26:09.626+0000] {processor.py:839} INFO - DAG(s) dict_keys(['01_prueba_de_vida']) retrieved from /opt/airflow/dags/prueba_conexion.py
[2026-02-08T23:26:09.653+0000] {logging_mixin.py:151} INFO - [2026-02-08T23:26:09.653+0000] {dag.py:2915} INFO - Sync 1 DAGs
[2026-02-08T23:26:09.664+0000] {logging_mixin.py:151} INFO - [2026-02-08T23:26:09.664+0000] {dag.py:3696} INFO - Setting next_dagrun for 01_prueba_de_vida to None, run_after=None
[2026-02-08T23:26:09.681+0000] {processor.py:179} INFO - Processing /opt/airflow/dags/prueba_conexion.py took 0.076 seconds
[2026-02-08T23:26:42.134+0000] {processor.py:157} INFO - Started process (PID=261) to work on /opt/airflow/dags/prueba_conexion.py
[2026-02-08T23:26:42.136+0000] {processor.py:829} INFO - Processing file /opt/airflow/dags/prueba_conexion.py for tasks to queue
[2026-02-08T23:26:42.137+0000] {logging_mixin.py:151} INFO - [2026-02-08T23:26:42.136+0000] {dagbag.py:539} INFO - Filling up the DagBag from /opt/airflow/dags/prueba_conexion.py
[2026-02-08T23:26:42.155+0000] {processor.py:839} INFO - DAG(s) dict_keys(['01_prueba_de_vida']) retrieved from /opt/airflow/dags/prueba_conexion.py
[2026-02-08T23:26:42.182+0000] {logging_mixin.py:151} INFO - [2026-02-08T23:26:42.182+0000] {dag.py:2915} INFO - Sync 1 DAGs
[2026-02-08T23:26:42.194+0000] {logging_mixin.py:151} INFO - [2026-02-08T23:26:42.194+0000] {dag.py:3696} INFO - Setting next_dagrun for 01_prueba_de_vida to None, run_after=None
[2026-02-08T23:26:42.208+0000] {processor.py:179} INFO - Processing /opt/airflow/dags/prueba_conexion.py took 0.078 seconds
[2026-02-08T23:27:15.599+0000] {processor.py:157} INFO - Started process (PID=266) to work on /opt/airflow/dags/prueba_conexion.py
[2026-02-08T23:27:15.600+0000] {processor.py:829} INFO - Processing file /opt/airflow/dags/prueba_conexion.py for tasks to queue
[2026-02-08T23:27:15.601+0000] {logging_mixin.py:151} INFO - [2026-02-08T23:27:15.601+0000] {dagbag.py:539} INFO - Filling up the DagBag from /opt/airflow/dags/prueba_conexion.py
[2026-02-08T23:27:15.620+0000] {processor.py:839} INFO - DAG(s) dict_keys(['01_prueba_de_vida']) retrieved from /opt/airflow/dags/prueba_conexion.py
[2026-02-08T23:27:15.649+0000] {logging_mixin.py:151} INFO - [2026-02-08T23:27:15.649+0000] {dag.py:2915} INFO - Sync 1 DAGs
[2026-02-08T23:27:15.661+0000] {logging_mixin.py:151} INFO - [2026-02-08T23:27:15.660+0000] {dag.py:3696} INFO - Setting next_dagrun for 01_prueba_de_vida to None, run_after=None
[2026-02-08T23:27:15.676+0000] {processor.py:179} INFO - Processing /opt/airflow/dags/prueba_conexion.py took 0.081 seconds
[2026-02-08T23:27:49.130+0000] {processor.py:157} INFO - Started process (PID=271) to work on /opt/airflow/dags/prueba_conexion.py
[2026-02-08T23:27:49.131+0000] {processor.py:829} INFO - Processing file /opt/airflow/dags/prueba_conexion.py for tasks to queue
[2026-02-08T23:27:49.132+0000] {logging_mixin.py:151} INFO - [2026-02-08T23:27:49.132+0000] {dagbag.py:539} INFO - Filling up the DagBag from /opt/airflow/dags/prueba_conexion.py
[2026-02-08T23:27:49.151+0000] {processor.py:839} INFO - DAG(s) dict_keys(['01_prueba_de_vida']) retrieved from /opt/airflow/dags/prueba_conexion.py
[2026-02-08T23:27:49.179+0000] {logging_mixin.py:151} INFO - [2026-02-08T23:27:49.179+0000] {dag.py:2915} INFO - Sync 1 DAGs
[2026-02-08T23:27:49.191+0000] {logging_mixin.py:151} INFO - [2026-02-08T23:27:49.190+0000] {dag.py:3696} INFO - Setting next_dagrun for 01_prueba_de_vida to None, run_after=None
[2026-02-08T23:27:49.207+0000] {processor.py:179} INFO - Processing /opt/airflow/dags/prueba_conexion.py took 0.080 seconds
[2026-02-08T23:28:22.610+0000] {processor.py:157} INFO - Started process (PID=276) to work on /opt/airflow/dags/prueba_conexion.py
[2026-02-08T23:28:22.611+0000] {processor.py:829} INFO - Processing file /opt/airflow/dags/prueba_conexion.py for tasks to queue
[2026-02-08T23:28:22.612+0000] {logging_mixin.py:151} INFO - [2026-02-08T23:28:22.611+0000] {dagbag.py:539} INFO - Filling up the DagBag from /opt/airflow/dags/prueba_conexion.py
[2026-02-08T23:28:22.630+0000] {processor.py:839} INFO - DAG(s) dict_keys(['01_prueba_de_vida']) retrieved from /opt/airflow/dags/prueba_conexion.py
[2026-02-08T23:28:22.659+0000] {logging_mixin.py:151} INFO - [2026-02-08T23:28:22.659+0000] {dag.py:2915} INFO - Sync 1 DAGs
[2026-02-08T23:28:22.670+0000] {logging_mixin.py:151} INFO - [2026-02-08T23:28:22.669+0000] {dag.py:3696} INFO - Setting next_dagrun for 01_prueba_de_vida to None, run_after=None
[2026-02-08T23:28:22.683+0000] {processor.py:179} INFO - Processing /opt/airflow/dags/prueba_conexion.py took 0.077 seconds
[2026-02-08T23:28:56.145+0000] {processor.py:157} INFO - Started process (PID=281) to work on /opt/airflow/dags/prueba_conexion.py
[2026-02-08T23:28:56.146+0000] {processor.py:829} INFO - Processing file /opt/airflow/dags/prueba_conexion.py for tasks to queue
[2026-02-08T23:28:56.147+0000] {logging_mixin.py:151} INFO - [2026-02-08T23:28:56.146+0000] {dagbag.py:539} INFO - Filling up the DagBag from /opt/airflow/dags/prueba_conexion.py
[2026-02-08T23:28:56.164+0000] {processor.py:839} INFO - DAG(s) dict_keys(['01_prueba_de_vida']) retrieved from /opt/airflow/dags/prueba_conexion.py
[2026-02-08T23:28:56.190+0000] {logging_mixin.py:151} INFO - [2026-02-08T23:28:56.190+0000] {dag.py:2915} INFO - Sync 1 DAGs
[2026-02-08T23:28:56.201+0000] {logging_mixin.py:151} INFO - [2026-02-08T23:28:56.201+0000] {dag.py:3696} INFO - Setting next_dagrun for 01_prueba_de_vida to None, run_after=None
[2026-02-08T23:28:56.215+0000] {processor.py:179} INFO - Processing /opt/airflow/dags/prueba_conexion.py took 0.074 seconds
[2026-02-08T23:29:29.615+0000] {processor.py:157} INFO - Started process (PID=286) to work on /opt/airflow/dags/prueba_conexion.py
[2026-02-08T23:29:29.616+0000] {processor.py:829} INFO - Processing file /opt/airflow/dags/prueba_conexion.py for tasks to queue
[2026-02-08T23:29:29.616+0000] {logging_mixin.py:151} INFO - [2026-02-08T23:29:29.616+0000] {dagbag.py:539} INFO - Filling up the DagBag from /opt/airflow/dags/prueba_conexion.py
[2026-02-08T23:29:29.632+0000] {processor.py:839} INFO - DAG(s) dict_keys(['01_prueba_de_vida']) retrieved from /opt/airflow/dags/prueba_conexion.py
[2026-02-08T23:29:29.658+0000] {logging_mixin.py:151} INFO - [2026-02-08T23:29:29.657+0000] {dag.py:2915} INFO - Sync 1 DAGs
[2026-02-08T23:29:29.669+0000] {logging_mixin.py:151} INFO - [2026-02-08T23:29:29.669+0000] {dag.py:3696} INFO - Setting next_dagrun for 01_prueba_de_vida to None, run_after=None
[2026-02-08T23:29:29.684+0000] {processor.py:179} INFO - Processing /opt/airflow/dags/prueba_conexion.py took 0.072 seconds
[2026-02-08T23:30:02.134+0000] {processor.py:157} INFO - Started process (PID=291) to work on /opt/airflow/dags/prueba_conexion.py
[2026-02-08T23:30:02.135+0000] {processor.py:829} INFO - Processing file /opt/airflow/dags/prueba_conexion.py for tasks to queue
[2026-02-08T23:30:02.136+0000] {logging_mixin.py:151} INFO - [2026-02-08T23:30:02.135+0000] {dagbag.py:539} INFO - Filling up the DagBag from /opt/airflow/dags/prueba_conexion.py
[2026-02-08T23:30:02.156+0000] {processor.py:839} INFO - DAG(s) dict_keys(['01_prueba_de_vida']) retrieved from /opt/airflow/dags/prueba_conexion.py
[2026-02-08T23:30:02.185+0000] {logging_mixin.py:151} INFO - [2026-02-08T23:30:02.185+0000] {dag.py:2915} INFO - Sync 1 DAGs
[2026-02-08T23:30:02.195+0000] {logging_mixin.py:151} INFO - [2026-02-08T23:30:02.195+0000] {dag.py:3696} INFO - Setting next_dagrun for 01_prueba_de_vida to None, run_after=None
[2026-02-08T23:30:02.210+0000] {processor.py:179} INFO - Processing /opt/airflow/dags/prueba_conexion.py took 0.079 seconds
[2026-02-08T23:30:35.599+0000] {processor.py:157} INFO - Started process (PID=296) to work on /opt/airflow/dags/prueba_conexion.py
[2026-02-08T23:30:35.600+0000] {processor.py:829} INFO - Processing file /opt/airflow/dags/prueba_conexion.py for tasks to queue
[2026-02-08T23:30:35.601+0000] {logging_mixin.py:151} INFO - [2026-02-08T23:30:35.601+0000] {dagbag.py:539} INFO - Filling up the DagBag from /opt/airflow/dags/prueba_conexion.py
[2026-02-08T23:30:35.617+0000] {processor.py:839} INFO - DAG(s) dict_keys(['01_prueba_de_vida']) retrieved from /opt/airflow/dags/prueba_conexion.py
[2026-02-08T23:30:35.643+0000] {logging_mixin.py:151} INFO - [2026-02-08T23:30:35.643+0000] {dag.py:2915} INFO - Sync 1 DAGs
[2026-02-08T23:30:35.654+0000] {logging_mixin.py:151} INFO - [2026-02-08T23:30:35.653+0000] {dag.py:3696} INFO - Setting next_dagrun for 01_prueba_de_vida to None, run_after=None
[2026-02-08T23:30:35.668+0000] {processor.py:179} INFO - Processing /opt/airflow/dags/prueba_conexion.py took 0.072 seconds
[2026-02-08T23:31:09.140+0000] {processor.py:157} INFO - Started process (PID=301) to work on /opt/airflow/dags/prueba_conexion.py
[2026-02-08T23:31:09.141+0000] {processor.py:829} INFO - Processing file /opt/airflow/dags/prueba_conexion.py for tasks to queue
[2026-02-08T23:31:09.141+0000] {logging_mixin.py:151} INFO - [2026-02-08T23:31:09.141+0000] {dagbag.py:539} INFO - Filling up the DagBag from /opt/airflow/dags/prueba_conexion.py
[2026-02-08T23:31:09.157+0000] {processor.py:839} INFO - DAG(s) dict_keys(['01_prueba_de_vida']) retrieved from /opt/airflow/dags/prueba_conexion.py
[2026-02-08T23:31:09.181+0000] {logging_mixin.py:151} INFO - [2026-02-08T23:31:09.181+0000] {dag.py:2915} INFO - Sync 1 DAGs
[2026-02-08T23:31:09.191+0000] {logging_mixin.py:151} INFO - [2026-02-08T23:31:09.191+0000] {dag.py:3696} INFO - Setting next_dagrun for 01_prueba_de_vida to None, run_after=None
[2026-02-08T23:31:09.206+0000] {processor.py:179} INFO - Processing /opt/airflow/dags/prueba_conexion.py took 0.069 seconds
[2026-02-08T23:31:42.617+0000] {processor.py:157} INFO - Started process (PID=306) to work on /opt/airflow/dags/prueba_conexion.py
[2026-02-08T23:31:42.618+0000] {processor.py:829} INFO - Processing file /opt/airflow/dags/prueba_conexion.py for tasks to queue
[2026-02-08T23:31:42.619+0000] {logging_mixin.py:151} INFO - [2026-02-08T23:31:42.619+0000] {dagbag.py:539} INFO - Filling up the DagBag from /opt/airflow/dags/prueba_conexion.py
[2026-02-08T23:31:42.635+0000] {processor.py:839} INFO - DAG(s) dict_keys(['01_prueba_de_vida']) retrieved from /opt/airflow/dags/prueba_conexion.py
[2026-02-08T23:31:42.660+0000] {logging_mixin.py:151} INFO - [2026-02-08T23:31:42.660+0000] {dag.py:2915} INFO - Sync 1 DAGs
[2026-02-08T23:31:42.670+0000] {logging_mixin.py:151} INFO - [2026-02-08T23:31:42.670+0000] {dag.py:3696} INFO - Setting next_dagrun for 01_prueba_de_vida to None, run_after=None
[2026-02-08T23:31:42.686+0000] {processor.py:179} INFO - Processing /opt/airflow/dags/prueba_conexion.py took 0.072 seconds
[2026-02-08T23:32:16.138+0000] {processor.py:157} INFO - Started process (PID=311) to work on /opt/airflow/dags/prueba_conexion.py
[2026-02-08T23:32:16.140+0000] {processor.py:829} INFO - Processing file /opt/airflow/dags/prueba_conexion.py for tasks to queue
[2026-02-08T23:32:16.142+0000] {logging_mixin.py:151} INFO - [2026-02-08T23:32:16.142+0000] {dagbag.py:539} INFO - Filling up the DagBag from /opt/airflow/dags/prueba_conexion.py
[2026-02-08T23:32:16.170+0000] {processor.py:839} INFO - DAG(s) dict_keys(['01_prueba_de_vida']) retrieved from /opt/airflow/dags/prueba_conexion.py
[2026-02-08T23:32:16.199+0000] {logging_mixin.py:151} INFO - [2026-02-08T23:32:16.199+0000] {dag.py:2915} INFO - Sync 1 DAGs
[2026-02-08T23:32:16.210+0000] {logging_mixin.py:151} INFO - [2026-02-08T23:32:16.209+0000] {dag.py:3696} INFO - Setting next_dagrun for 01_prueba_de_vida to None, run_after=None
[2026-02-08T23:32:16.225+0000] {processor.py:179} INFO - Processing /opt/airflow/dags/prueba_conexion.py took 0.091 seconds
[2026-02-08T23:32:49.621+0000] {processor.py:157} INFO - Started process (PID=316) to work on /opt/airflow/dags/prueba_conexion.py
[2026-02-08T23:32:49.622+0000] {processor.py:829} INFO - Processing file /opt/airflow/dags/prueba_conexion.py for tasks to queue
[2026-02-08T23:32:49.623+0000] {logging_mixin.py:151} INFO - [2026-02-08T23:32:49.623+0000] {dagbag.py:539} INFO - Filling up the DagBag from /opt/airflow/dags/prueba_conexion.py
[2026-02-08T23:32:49.640+0000] {processor.py:839} INFO - DAG(s) dict_keys(['01_prueba_de_vida']) retrieved from /opt/airflow/dags/prueba_conexion.py
[2026-02-08T23:32:49.665+0000] {logging_mixin.py:151} INFO - [2026-02-08T23:32:49.665+0000] {dag.py:2915} INFO - Sync 1 DAGs
[2026-02-08T23:32:49.675+0000] {logging_mixin.py:151} INFO - [2026-02-08T23:32:49.675+0000] {dag.py:3696} INFO - Setting next_dagrun for 01_prueba_de_vida to None, run_after=None
[2026-02-08T23:32:49.690+0000] {processor.py:179} INFO - Processing /opt/airflow/dags/prueba_conexion.py took 0.072 seconds
[2026-02-08T23:33:22.158+0000] {processor.py:157} INFO - Started process (PID=321) to work on /opt/airflow/dags/prueba_conexion.py
[2026-02-08T23:33:22.158+0000] {processor.py:829} INFO - Processing file /opt/airflow/dags/prueba_conexion.py for tasks to queue
[2026-02-08T23:33:22.159+0000] {logging_mixin.py:151} INFO - [2026-02-08T23:33:22.159+0000] {dagbag.py:539} INFO - Filling up the DagBag from /opt/airflow/dags/prueba_conexion.py
[2026-02-08T23:33:22.175+0000] {processor.py:839} INFO - DAG(s) dict_keys(['01_prueba_de_vida']) retrieved from /opt/airflow/dags/prueba_conexion.py
[2026-02-08T23:33:22.198+0000] {logging_mixin.py:151} INFO - [2026-02-08T23:33:22.198+0000] {dag.py:2915} INFO - Sync 1 DAGs
[2026-02-08T23:33:22.209+0000] {logging_mixin.py:151} INFO - [2026-02-08T23:33:22.208+0000] {dag.py:3696} INFO - Setting next_dagrun for 01_prueba_de_vida to None, run_after=None
[2026-02-08T23:33:22.226+0000] {processor.py:179} INFO - Processing /opt/airflow/dags/prueba_conexion.py took 0.071 seconds
[2026-02-08T23:33:55.650+0000] {processor.py:157} INFO - Started process (PID=326) to work on /opt/airflow/dags/prueba_conexion.py
[2026-02-08T23:33:55.651+0000] {processor.py:829} INFO - Processing file /opt/airflow/dags/prueba_conexion.py for tasks to queue
[2026-02-08T23:33:55.651+0000] {logging_mixin.py:151} INFO - [2026-02-08T23:33:55.651+0000] {dagbag.py:539} INFO - Filling up the DagBag from /opt/airflow/dags/prueba_conexion.py
[2026-02-08T23:33:55.667+0000] {processor.py:839} INFO - DAG(s) dict_keys(['01_prueba_de_vida']) retrieved from /opt/airflow/dags/prueba_conexion.py
[2026-02-08T23:33:55.692+0000] {logging_mixin.py:151} INFO - [2026-02-08T23:33:55.692+0000] {dag.py:2915} INFO - Sync 1 DAGs
[2026-02-08T23:33:55.702+0000] {logging_mixin.py:151} INFO - [2026-02-08T23:33:55.701+0000] {dag.py:3696} INFO - Setting next_dagrun for 01_prueba_de_vida to None, run_after=None
[2026-02-08T23:33:55.716+0000] {processor.py:179} INFO - Processing /opt/airflow/dags/prueba_conexion.py took 0.070 seconds
[2026-02-08T23:34:29.153+0000] {processor.py:157} INFO - Started process (PID=331) to work on /opt/airflow/dags/prueba_conexion.py
[2026-02-08T23:34:29.154+0000] {processor.py:829} INFO - Processing file /opt/airflow/dags/prueba_conexion.py for tasks to queue
[2026-02-08T23:34:29.155+0000] {logging_mixin.py:151} INFO - [2026-02-08T23:34:29.155+0000] {dagbag.py:539} INFO - Filling up the DagBag from /opt/airflow/dags/prueba_conexion.py
[2026-02-08T23:34:29.171+0000] {processor.py:839} INFO - DAG(s) dict_keys(['01_prueba_de_vida']) retrieved from /opt/airflow/dags/prueba_conexion.py
[2026-02-08T23:34:29.194+0000] {logging_mixin.py:151} INFO - [2026-02-08T23:34:29.194+0000] {dag.py:2915} INFO - Sync 1 DAGs
[2026-02-08T23:34:29.205+0000] {logging_mixin.py:151} INFO - [2026-02-08T23:34:29.205+0000] {dag.py:3696} INFO - Setting next_dagrun for 01_prueba_de_vida to None, run_after=None
[2026-02-08T23:34:29.220+0000] {processor.py:179} INFO - Processing /opt/airflow/dags/prueba_conexion.py took 0.070 seconds
